Started GET "/" for ::1 at 2021-09-05 16:25:31 +0200
Started GET "/" for ::1 at 2021-09-05 16:25:31 +0200

ActiveRecord::NoDatabaseError - FATAL:  database "lab_development" does not exist:


ActiveRecord::NoDatabaseError - FATAL:  database "lab_development" does not exist:

Started POST "/__better_errors/a6d8bed21aa04fb1/variables" for ::1 at 2021-09-05 16:25:32 +0200
  [1m[35m (1742.6ms)[0m  [1m[35mCREATE DATABASE "lab_development" ENCODING = 'unicode'[0m
  [1m[35m (1513.1ms)[0m  [1m[35mCREATE DATABASE "lab_test" ENCODING = 'unicode'[0m
Started GET "/" for ::1 at 2021-09-05 16:27:24 +0200
Processing by Rails::WelcomeController#index as HTML
  Rendering /home/elarabyelaidy/.rvm/gems/ruby-3.0.0/gems/railties-6.1.4.1/lib/rails/templates/rails/welcome/index.html.erb
  Rendered /home/elarabyelaidy/.rvm/gems/ruby-3.0.0/gems/railties-6.1.4.1/lib/rails/templates/rails/welcome/index.html.erb (Duration: 27.5ms | Allocations: 502)
Completed 200 OK in 391ms (Views: 105.5ms | ActiveRecord: 0.0ms | Allocations: 4178)


Started GET "/index" for ::1 at 2021-09-05 16:27:30 +0200
  
ActionController::RoutingError (No route matches [GET] "/index"):
  
Started GET "/index" for ::1 at 2021-09-05 16:28:16 +0200
  
ActionController::RoutingError (No route matches [GET] "/index"):
  
Started GET "/index" for ::1 at 2021-09-05 16:29:06 +0200
  
ActionController::RoutingError (No route matches [GET] "/index"):
  
Started GET "/posts" for ::1 at 2021-09-05 16:29:12 +0200
Processing by PostsController#index as HTML
  Rendering layout layouts/application.html.erb
  Rendering posts/index.html.erb within layouts/application
  Rendered posts/index.html.erb within layouts/application (Duration: 22.7ms | Allocations: 110)
[Webpacker] Compiling...
[Webpacker] Compiled all packs in /mnt/f/github/Rails/view/guide/lab/public/packs
[Webpacker] Hash: e2a8a876c5815bee1e21
Version: webpack 4.46.0
Time: 42878ms
Built at: 09/05/2021 4:30:26 PM
                                     Asset       Size       Chunks                         Chunk Names
    js/application-e421b4aa3f716bebdab1.js    125 KiB  application  [emitted] [immutable]  application
js/application-e421b4aa3f716bebdab1.js.map    139 KiB  application  [emitted] [dev]        application
                             manifest.json  364 bytes               [emitted]              
Entrypoint application = js/application-e421b4aa3f716bebdab1.js js/application-e421b4aa3f716bebdab1.js.map
[./app/javascript/channels sync recursive _channel\.js$] ./app/javascript/channels sync _channel\.js$ 160 bytes {application} [built]
[./app/javascript/channels/index.js] 211 bytes {application} [built]
[./app/javascript/packs/application.js] 492 bytes {application} [built]
[./node_modules/webpack/buildin/module.js] (webpack)/buildin/module.js 552 bytes {application} [built]
    + 3 hidden modules

  Rendered layout layouts/application.html.erb (Duration: 73708.6ms | Allocations: 14390)
Completed 200 OK in 73731ms (Views: 73721.9ms | ActiveRecord: 0.0ms | Allocations: 15622)


Started GET "/posts/index" for ::1 at 2021-09-05 16:31:07 +0200

AbstractController::ActionNotFound - The action 'show' could not be found for PostsController
Did you mean?  index:

Started POST "/__better_errors/699891d791a53670/variables" for ::1 at 2021-09-05 16:31:08 +0200
Started POST "/__better_errors/699891d791a53670/variables" for ::1 at 2021-09-05 16:32:58 +0200
Started POST "/__better_errors/699891d791a53670/variables" for ::1 at 2021-09-05 16:32:59 +0200
Started POST "/__better_errors/699891d791a53670/variables" for ::1 at 2021-09-05 16:33:02 +0200
Started GET "/posts/1" for ::1 at 2021-09-05 16:33:19 +0200

AbstractController::ActionNotFound - The action 'show' could not be found for PostsController
Did you mean?  index:

Started POST "/__better_errors/616630b2a3613249/variables" for ::1 at 2021-09-05 16:33:20 +0200
Started GET "/posts/1" for ::1 at 2021-09-05 16:36:48 +0200

AbstractController::ActionNotFound - The action 'show' could not be found for PostsController
Did you mean?  index:

Started POST "/__better_errors/76e821e52da86b0d/variables" for ::1 at 2021-09-05 16:36:48 +0200
Started GET "/posts" for ::1 at 2021-09-05 16:36:50 +0200
Processing by PostsController#index as HTML
  Rendering layout layouts/application.html.erb
  Rendering posts/index.html.erb within layouts/application
  Rendered posts/index.html.erb within layouts/application (Duration: 0.3ms | Allocations: 40)
Started GET "/posts" for ::1 at 2021-09-05 16:36:54 +0200
Processing by PostsController#index as HTML
  Rendering layout layouts/application.html.erb
  Rendering posts/index.html.erb within layouts/application
  Rendered posts/index.html.erb within layouts/application (Duration: 0.3ms | Allocations: 40)
[Webpacker] Everything's up-to-date. Nothing to do
  Rendered layout layouts/application.html.erb (Duration: 20092.4ms | Allocations: 198155)
Completed 200 OK in 20098ms (Views: 20096.0ms | Allocations: 198630)


[Webpacker] Everything's up-to-date. Nothing to do
  Rendered layout layouts/application.html.erb (Duration: 21845.0ms | Allocations: 212723)
Completed 200 OK in 21849ms (Views: 21848.1ms | Allocations: 213169)


Started GET "/posts" for ::1 at 2021-09-05 16:37:49 +0200
Processing by PostsController#index as HTML
  Rendering layout layouts/application.html.erb
  Rendering posts/index.html.erb within layouts/application
  Rendered posts/index.html.erb within layouts/application (Duration: 0.3ms | Allocations: 40)
[Webpacker] Everything's up-to-date. Nothing to do
  Rendered layout layouts/application.html.erb (Duration: 238.5ms | Allocations: 3303)
Completed 200 OK in 243ms (Views: 241.0ms | Allocations: 3741)


  [1m[35m (257.0ms)[0m  [1m[35mCREATE TABLE "schema_migrations" ("version" character varying NOT NULL PRIMARY KEY)[0m
  [1m[35m (148.0ms)[0m  [1m[35mCREATE TABLE "ar_internal_metadata" ("key" character varying NOT NULL PRIMARY KEY, "value" character varying, "created_at" timestamp(6) NOT NULL, "updated_at" timestamp(6) NOT NULL)[0m
  [1m[35m (0.4ms)[0m  [1m[34mSELECT pg_try_advisory_lock(2578973263255281165)[0m
  [1m[35m (1.1ms)[0m  [1m[34mSELECT "schema_migrations"."version" FROM "schema_migrations" ORDER BY "schema_migrations"."version" ASC[0m
Migrating to CreatePosts (20210905144132)
  [1m[36mTRANSACTION (0.4ms)[0m  [1m[35mBEGIN[0m
  [1m[35m (304.5ms)[0m  [1m[35mCREATE TABLE "posts" ("id" bigserial primary key, "title" character varying, "content" text, "created_at" timestamp(6) NOT NULL, "updated_at" timestamp(6) NOT NULL)[0m
  [1m[36mActiveRecord::SchemaMigration Create (1.1ms)[0m  [1m[32mINSERT INTO "schema_migrations" ("version") VALUES ($1) RETURNING "version"[0m  [["version", "20210905144132"]]
  [1m[36mTRANSACTION (98.8ms)[0m  [1m[35mCOMMIT[0m
  [1m[36mActiveRecord::InternalMetadata Load (0.8ms)[0m  [1m[34mSELECT "ar_internal_metadata".* FROM "ar_internal_metadata" WHERE "ar_internal_metadata"."key" = $1 LIMIT $2[0m  [["key", "environment"], ["LIMIT", 1]]
  [1m[36mTRANSACTION (0.3ms)[0m  [1m[35mBEGIN[0m
  [1m[36mActiveRecord::InternalMetadata Create (1.0ms)[0m  [1m[32mINSERT INTO "ar_internal_metadata" ("key", "value", "created_at", "updated_at") VALUES ($1, $2, $3, $4) RETURNING "key"[0m  [["key", "environment"], ["value", "development"], ["created_at", "2021-09-05 14:42:45.451357"], ["updated_at", "2021-09-05 14:42:45.451357"]]
  [1m[36mTRANSACTION (37.7ms)[0m  [1m[35mCOMMIT[0m
  [1m[35m (0.8ms)[0m  [1m[34mSELECT pg_advisory_unlock(2578973263255281165)[0m
  [1m[35m (1.1ms)[0m  [1m[34mSELECT "schema_migrations"."version" FROM "schema_migrations" ORDER BY "schema_migrations"."version" ASC[0m
